[STDERR] 2026/02/23 21:34:05.575299 env restart count -> 1
[STDERR] 2026/02/23 21:34:05.575364 childproc start | pid=98948 | mode=normal | interval=500ms | lifetime=5s | msg=
[STDERR] 2026/02/23 21:34:05.575369 args: /Volumes/老固态/Projects/FasterEdge/DontCrack4OpenHarmonyLinuxKernelSide/example/childproc/childproc -mode normal -interval 500ms -lifetime 5s
[STDERR] 2026/02/23 21:34:05.575371 env EXTRA_INFO=from_manager
[STDERR] 2026/02/23 21:34:05.575379 env RESTART_ENV_COUNT=0
[STDERR] 2026/02/23 21:34:06.084486 tick at 2026-02-23T21:34:06.075449583+08:00
[STDERR] stderr burst at 2026-02-23T21:34:06.075449583+08:00
[STDERR] 2026/02/23 21:34:06.593781 tick at 2026-02-23T21:34:06.575451166+08:00
[STDERR] stderr burst at 2026-02-23T21:34:06.575451166+08:00
[STDERR] 2026/02/23 21:34:07.103130 tick at 2026-02-23T21:34:07.075458041+08:00
[STDERR] stderr burst at 2026-02-23T21:34:07.075458041+08:00
[STDERR] 2026/02/23 21:34:07.609966 tick at 2026-02-23T21:34:07.5754605+08:00
[STDERR] stderr burst at 2026-02-23T21:34:07.5754605+08:00
[STDERR] 2026/02/23 21:34:08.119933 tick at 2026-02-23T21:34:08.075464458+08:00
[STDERR] stderr burst at 2026-02-23T21:34:08.075464458+08:00
[STDERR] 2026/02/23 21:34:08.576674 tick at 2026-02-23T21:34:08.575465416+08:00
[STDERR] stderr burst at 2026-02-23T21:34:08.575465416+08:00
[STDERR] 2026/02/23 21:34:09.082885 tick at 2026-02-23T21:34:09.075469625+08:00
[STDERR] stderr burst at 2026-02-23T21:34:09.075469625+08:00
[STDERR] 2026/02/23 21:34:09.591466 tick at 2026-02-23T21:34:09.575473541+08:00
[STDERR] stderr burst at 2026-02-23T21:34:09.575473541+08:00
[STDERR] 2026/02/23 21:34:10.101037 tick at 2026-02-23T21:34:10.075475125+08:00
[STDERR] stderr burst at 2026-02-23T21:34:10.075475125+08:00
[STDERR] 2026/02/23 21:34:10.610115 tick at 2026-02-23T21:34:10.575479625+08:00
[STDERR] stderr burst at 2026-02-23T21:34:10.575479625+08:00
[STDERR] 2026/02/23 21:34:10.610147 lifetime reached, exiting normally
[STDERR] 2026/02/23 21:34:12.621685 env restart count -> 1
[STDERR] 2026/02/23 21:34:12.621954 childproc start | pid=98954 | mode=normal | interval=500ms | lifetime=5s | msg=
[STDERR] 2026/02/23 21:34:12.621965 args: /Volumes/老固态/Projects/FasterEdge/DontCrack4OpenHarmonyLinuxKernelSide/example/childproc/childproc -mode normal -interval 500ms -lifetime 5s
[STDERR] 2026/02/23 21:34:12.621971 env EXTRA_INFO=from_manager
[STDERR] 2026/02/23 21:34:12.621972 env RESTART_ENV_COUNT=0
[STDERR] 2026/02/23 21:34:13.131429 tick at 2026-02-23T21:34:13.12223125+08:00
[STDERR] stderr burst at 2026-02-23T21:34:13.12223125+08:00
[STDERR] 2026/02/23 21:34:13.638608 tick at 2026-02-23T21:34:13.622233959+08:00
[STDERR] stderr burst at 2026-02-23T21:34:13.622233959+08:00
[STDERR] 2026/02/23 21:34:14.147825 tick at 2026-02-23T21:34:14.122237459+08:00
[STDERR] stderr burst at 2026-02-23T21:34:14.122237459+08:00
[STDERR] 2026/02/23 21:34:14.655089 tick at 2026-02-23T21:34:14.622240209+08:00
[STDERR] stderr burst at 2026-02-23T21:34:14.622240209+08:00
[STDERR] 2026/02/23 21:34:15.162253 tick at 2026-02-23T21:34:15.122243375+08:00
[STDERR] stderr burst at 2026-02-23T21:34:15.122243375+08:00
[STDERR] 2026/02/23 21:34:15.669409 tick at 2026-02-23T21:34:15.622245834+08:00
[STDERR] stderr burst at 2026-02-23T21:34:15.622245834+08:00
[STDERR] 2026/02/23 21:34:16.127530 tick at 2026-02-23T21:34:16.122251209+08:00
[STDERR] stderr burst at 2026-02-23T21:34:16.122251209+08:00
[STDERR] 2026/02/23 21:34:16.634580 tick at 2026-02-23T21:34:16.622254042+08:00
[STDERR] stderr burst at 2026-02-23T21:34:16.622254042+08:00
[STDERR] 2026/02/23 21:34:17.143668 tick at 2026-02-23T21:34:17.122261417+08:00
[STDERR] stderr burst at 2026-02-23T21:34:17.122261417+08:00
[STDERR] 2026/02/23 21:34:17.651367 tick at 2026-02-23T21:34:17.622259459+08:00
[STDERR] stderr burst at 2026-02-23T21:34:17.622259459+08:00
[STDERR] 2026/02/23 21:34:17.651410 lifetime reached, exiting normally
[STDERR] 2026/02/23 21:34:19.668112 env restart count -> 1
[STDERR] 2026/02/23 21:34:19.668381 childproc start | pid=98970 | mode=normal | interval=500ms | lifetime=5s | msg=
[STDERR] 2026/02/23 21:34:19.668396 args: /Volumes/老固态/Projects/FasterEdge/DontCrack4OpenHarmonyLinuxKernelSide/example/childproc/childproc -mode normal -interval 500ms -lifetime 5s
[STDERR] 2026/02/23 21:34:19.668402 env EXTRA_INFO=from_manager
[STDERR] 2026/02/23 21:34:19.668404 env RESTART_ENV_COUNT=0
[STDERR] 2026/02/23 21:34:20.176144 tick at 2026-02-23T21:34:20.168622709+08:00
[STDERR] stderr burst at 2026-02-23T21:34:20.168622709+08:00
[STDERR] 2026/02/23 21:34:20.684563 tick at 2026-02-23T21:34:20.668626625+08:00
[STDERR] stderr burst at 2026-02-23T21:34:20.668626625+08:00
[STDERR] 2026/02/23 21:34:21.193050 tick at 2026-02-23T21:34:21.168629709+08:00
[STDERR] stderr burst at 2026-02-23T21:34:21.168629709+08:00
[STDERR] 2026/02/23 21:34:21.701295 tick at 2026-02-23T21:34:21.668633+08:00
[STDERR] stderr burst at 2026-02-23T21:34:21.668633+08:00
[STDERR] 2026/02/23 21:34:22.209075 tick at 2026-02-23T21:34:22.168635417+08:00
[STDERR] stderr burst at 2026-02-23T21:34:22.168635417+08:00
[STDERR] 2026/02/23 21:34:22.716172 tick at 2026-02-23T21:34:22.668637875+08:00
[STDERR] stderr burst at 2026-02-23T21:34:22.668637875+08:00
[STDERR] 2026/02/23 21:34:23.172681 tick at 2026-02-23T21:34:23.168641917+08:00
[STDERR] stderr burst at 2026-02-23T21:34:23.168641917+08:00
[STDERR] 2026/02/23 21:34:23.681049 tick at 2026-02-23T21:34:23.668646+08:00
[STDERR] stderr burst at 2026-02-23T21:34:23.668646+08:00
[STDERR] 2026/02/23 21:34:24.188409 tick at 2026-02-23T21:34:24.168648667+08:00
[STDERR] stderr burst at 2026-02-23T21:34:24.168648667+08:00
[STDERR] 2026/02/23 21:34:24.697862 tick at 2026-02-23T21:34:24.668652042+08:00
[STDERR] stderr burst at 2026-02-23T21:34:24.668652042+08:00
[STDERR] 2026/02/23 21:34:24.697936 lifetime reached, exiting normally
