[STDERR] 2026/02/23 21:30:02.656964 env restart count -> 1
[STDERR] 2026/02/23 21:30:02.657124 childproc start | pid=98687 | mode=normal | interval=500ms | lifetime=5s | msg=
[STDERR] 2026/02/23 21:30:02.657130 args: /Volumes/老固态/Projects/FasterEdge/DontCrack4OpenHarmonyLinuxKernelSide/example/childproc/childproc -mode normal -interval 500ms -lifetime 5s
[STDERR] 2026/02/23 21:30:02.657134 env EXTRA_INFO=from_manager
[STDERR] 2026/02/23 21:30:02.657135 env RESTART_ENV_COUNT=0
[STDERR] 2026/02/23 21:30:03.166461 tick at 2026-02-23T21:30:03.157322958+08:00
[STDERR] stderr burst at 2026-02-23T21:30:03.157322958+08:00
[STDERR] 2026/02/23 21:30:03.675908 tick at 2026-02-23T21:30:03.657325125+08:00
[STDERR] stderr burst at 2026-02-23T21:30:03.657325125+08:00
[STDERR] 2026/02/23 21:30:04.183378 tick at 2026-02-23T21:30:04.157328708+08:00
[STDERR] stderr burst at 2026-02-23T21:30:04.157328708+08:00
[STDERR] 2026/02/23 21:30:04.693296 tick at 2026-02-23T21:30:04.657333292+08:00
[STDERR] stderr burst at 2026-02-23T21:30:04.657333292+08:00
[STDERR] 2026/02/23 21:30:05.203304 tick at 2026-02-23T21:30:05.157333333+08:00
[STDERR] stderr burst at 2026-02-23T21:30:05.157333333+08:00
[STDERR] 2026/02/23 21:30:05.659508 tick at 2026-02-23T21:30:05.657339833+08:00
[STDERR] stderr burst at 2026-02-23T21:30:05.657339833+08:00
[STDERR] 2026/02/23 21:30:06.166182 tick at 2026-02-23T21:30:06.157342667+08:00
[STDERR] stderr burst at 2026-02-23T21:30:06.157342667+08:00
[STDERR] 2026/02/23 21:30:06.674768 tick at 2026-02-23T21:30:06.657345042+08:00
[STDERR] stderr burst at 2026-02-23T21:30:06.657345042+08:00
[STDERR] 2026/02/23 21:30:07.184236 tick at 2026-02-23T21:30:07.157349125+08:00
[STDERR] stderr burst at 2026-02-23T21:30:07.157349125+08:00
[STDERR] 2026/02/23 21:30:07.692206 tick at 2026-02-23T21:30:07.657348583+08:00
[STDERR] stderr burst at 2026-02-23T21:30:07.657348583+08:00
[STDERR] 2026/02/23 21:30:07.692234 lifetime reached, exiting normally
