[STDERR] 2026/02/23 21:34:39.842016 env restart count -> 1
[STDERR] 2026/02/23 21:34:39.842081 childproc start | pid=99006 | mode=normal | interval=500ms | lifetime=5s | msg=
[STDERR] 2026/02/23 21:34:39.842085 args: /Volumes/老固态/Projects/FasterEdge/DontCrack4OpenHarmonyLinuxKernelSide/example/childproc/childproc -mode normal -interval 500ms -lifetime 5s
[STDERR] 2026/02/23 21:34:39.842088 env EXTRA_INFO=from_manager
[STDERR] 2026/02/23 21:34:39.842089 env RESTART_ENV_COUNT=0
[STDERR] 2026/02/23 21:34:40.350854 tick at 2026-02-23T21:34:40.342144125+08:00
[STDERR] stderr burst at 2026-02-23T21:34:40.342144125+08:00
[STDERR] 2026/02/23 21:34:40.858372 tick at 2026-02-23T21:34:40.842149209+08:00
[STDERR] stderr burst at 2026-02-23T21:34:40.842149209+08:00
[STDERR] 2026/02/23 21:34:41.366365 tick at 2026-02-23T21:34:41.342149959+08:00
[STDERR] stderr burst at 2026-02-23T21:34:41.342149959+08:00
[STDERR] 2026/02/23 21:34:41.875051 tick at 2026-02-23T21:34:41.842156334+08:00
[STDERR] stderr burst at 2026-02-23T21:34:41.842156334+08:00
[STDERR] 2026/02/23 21:34:42.382120 tick at 2026-02-23T21:34:42.342157209+08:00
[STDERR] stderr burst at 2026-02-23T21:34:42.342157209+08:00
[STDERR] 2026/02/23 21:34:42.889315 tick at 2026-02-23T21:34:42.842160209+08:00
[STDERR] stderr burst at 2026-02-23T21:34:42.842160209+08:00
[STDERR] 2026/02/23 21:34:43.344784 tick at 2026-02-23T21:34:43.342164709+08:00
[STDERR] stderr burst at 2026-02-23T21:34:43.342164709+08:00
[STDERR] 2026/02/23 21:34:43.853445 tick at 2026-02-23T21:34:43.842167209+08:00
[STDERR] stderr burst at 2026-02-23T21:34:43.842167209+08:00
[STDERR] 2026/02/23 21:34:44.362096 tick at 2026-02-23T21:34:44.342169959+08:00
[STDERR] stderr burst at 2026-02-23T21:34:44.342169959+08:00
[STDERR] 2026/02/23 21:34:44.870318 tick at 2026-02-23T21:34:44.842172625+08:00
[STDERR] stderr burst at 2026-02-23T21:34:44.842172625+08:00
[STDERR] 2026/02/23 21:34:44.870358 lifetime reached, exiting normally
[STDERR] 2026/02/23 21:34:46.883469 env restart count -> 1
[STDERR] 2026/02/23 21:34:46.883756 childproc start | pid=99013 | mode=normal | interval=500ms | lifetime=5s | msg=
[STDERR] 2026/02/23 21:34:46.883771 args: /Volumes/老固态/Projects/FasterEdge/DontCrack4OpenHarmonyLinuxKernelSide/example/childproc/childproc -mode normal -interval 500ms -lifetime 5s
[STDERR] 2026/02/23 21:34:46.883777 env EXTRA_INFO=from_manager
[STDERR] 2026/02/23 21:34:46.883778 env RESTART_ENV_COUNT=0
[STDERR] 2026/02/23 21:34:47.393795 tick at 2026-02-23T21:34:47.384033375+08:00
[STDERR] stderr burst at 2026-02-23T21:34:47.384033375+08:00
[STDERR] 2026/02/23 21:34:47.902071 tick at 2026-02-23T21:34:47.884034709+08:00
[STDERR] stderr burst at 2026-02-23T21:34:47.884034709+08:00
[STDERR] 2026/02/23 21:34:48.409373 tick at 2026-02-23T21:34:48.384039667+08:00
[STDERR] stderr burst at 2026-02-23T21:34:48.384039667+08:00
[STDERR] 2026/02/23 21:34:48.917451 tick at 2026-02-23T21:34:48.884041625+08:00
[STDERR] stderr burst at 2026-02-23T21:34:48.884041625+08:00
[STDERR] 2026/02/23 21:34:49.425097 tick at 2026-02-23T21:34:49.384044334+08:00
[STDERR] stderr burst at 2026-02-23T21:34:49.384044334+08:00
[STDERR] 2026/02/23 21:34:49.932795 tick at 2026-02-23T21:34:49.884047209+08:00
[STDERR] stderr burst at 2026-02-23T21:34:49.884047209+08:00
[STDERR] 2026/02/23 21:34:50.389864 tick at 2026-02-23T21:34:50.384052792+08:00
[STDERR] stderr burst at 2026-02-23T21:34:50.384052792+08:00
[STDERR] 2026/02/23 21:34:50.897665 tick at 2026-02-23T21:34:50.884054667+08:00
[STDERR] stderr burst at 2026-02-23T21:34:50.884054667+08:00
[STDERR] 2026/02/23 21:34:51.406181 tick at 2026-02-23T21:34:51.384059125+08:00
[STDERR] stderr burst at 2026-02-23T21:34:51.384059125+08:00
[STDERR] 2026/02/23 21:34:51.914642 tick at 2026-02-23T21:34:51.884060334+08:00
[STDERR] stderr burst at 2026-02-23T21:34:51.884060334+08:00
[STDERR] 2026/02/23 21:34:51.914718 lifetime reached, exiting normally
[STDERR] 2026/02/23 21:34:53.927201 env restart count -> 1
[STDERR] 2026/02/23 21:34:53.927452 childproc start | pid=99021 | mode=normal | interval=500ms | lifetime=5s | msg=
[STDERR] 2026/02/23 21:34:53.927461 args: /Volumes/老固态/Projects/FasterEdge/DontCrack4OpenHarmonyLinuxKernelSide/example/childproc/childproc -mode normal -interval 500ms -lifetime 5s
[STDERR] 2026/02/23 21:34:53.927467 env EXTRA_INFO=from_manager
[STDERR] 2026/02/23 21:34:53.927469 env RESTART_ENV_COUNT=0
[STDERR] 2026/02/23 21:34:54.435704 tick at 2026-02-23T21:34:54.427663916+08:00
[STDERR] stderr burst at 2026-02-23T21:34:54.427663916+08:00
[STDERR] 2026/02/23 21:34:54.945371 tick at 2026-02-23T21:34:54.927666125+08:00
[STDERR] stderr burst at 2026-02-23T21:34:54.927666125+08:00
[STDERR] 2026/02/23 21:34:55.451541 tick at 2026-02-23T21:34:55.427669333+08:00
[STDERR] stderr burst at 2026-02-23T21:34:55.427669333+08:00
[STDERR] 2026/02/23 21:34:55.959607 tick at 2026-02-23T21:34:55.927672666+08:00
[STDERR] stderr burst at 2026-02-23T21:34:55.927672666+08:00
[STDERR] 2026/02/23 21:34:56.467846 tick at 2026-02-23T21:34:56.427675+08:00
[STDERR] stderr burst at 2026-02-23T21:34:56.427675+08:00
[STDERR] 2026/02/23 21:34:56.973968 tick at 2026-02-23T21:34:56.927678833+08:00
[STDERR] stderr burst at 2026-02-23T21:34:56.927678833+08:00
[STDERR] 2026/02/23 21:34:57.430477 tick at 2026-02-23T21:34:57.427682958+08:00
[STDERR] stderr burst at 2026-02-23T21:34:57.427682958+08:00
[STDERR] 2026/02/23 21:34:57.938338 tick at 2026-02-23T21:34:57.927684875+08:00
[STDERR] stderr burst at 2026-02-23T21:34:57.927684875+08:00
[STDERR] 2026/02/23 21:34:58.446223 tick at 2026-02-23T21:34:58.427688833+08:00
[STDERR] stderr burst at 2026-02-23T21:34:58.427688833+08:00
[STDERR] 2026/02/23 21:34:58.952646 tick at 2026-02-23T21:34:58.927691416+08:00
[STDERR] stderr burst at 2026-02-23T21:34:58.927691416+08:00
[STDERR] 2026/02/23 21:34:58.952726 lifetime reached, exiting normally
