[STDERR] 2026/02/23 21:43:12.455256 env restart count -> 1
[STDERR] 2026/02/23 21:43:12.455417 childproc start | pid=99634 | mode=normal | interval=500ms | lifetime=5s | msg=
[STDERR] 2026/02/23 21:43:12.455423 args: /Volumes/老固态/Projects/FasterEdge/DontCrack4OpenHarmonyLinuxKernelSide/example/childproc/childproc -mode normal -interval 500ms -lifetime 5s
[STDERR] 2026/02/23 21:43:12.455428 env EXTRA_INFO=from_manager
[STDERR] 2026/02/23 21:43:12.455429 env RESTART_ENV_COUNT=0
[STDERR] 2026/02/23 21:43:12.964963 tick at 2026-02-23T21:43:12.955554+08:00
[STDERR] stderr burst at 2026-02-23T21:43:12.955554+08:00
[STDERR] 2026/02/23 21:43:13.473005 tick at 2026-02-23T21:43:13.455557834+08:00
[STDERR] stderr burst at 2026-02-23T21:43:13.455557834+08:00
[STDERR] 2026/02/23 21:43:13.982296 tick at 2026-02-23T21:43:13.955558625+08:00
[STDERR] stderr burst at 2026-02-23T21:43:13.955558625+08:00
[STDERR] 2026/02/23 21:43:14.490558 tick at 2026-02-23T21:43:14.455561542+08:00
[STDERR] stderr burst at 2026-02-23T21:43:14.455561542+08:00
[STDERR] 2026/02/23 21:43:14.999465 tick at 2026-02-23T21:43:14.95556525+08:00
[STDERR] stderr burst at 2026-02-23T21:43:14.95556525+08:00
[STDERR] 2026/02/23 21:43:15.456392 tick at 2026-02-23T21:43:15.455568209+08:00
[STDERR] stderr burst at 2026-02-23T21:43:15.455568209+08:00
[STDERR] 2026/02/23 21:43:15.964389 tick at 2026-02-23T21:43:15.955572334+08:00
[STDERR] stderr burst at 2026-02-23T21:43:15.955572334+08:00
[STDERR] 2026/02/23 21:43:16.471802 tick at 2026-02-23T21:43:16.455575334+08:00
[STDERR] stderr burst at 2026-02-23T21:43:16.455575334+08:00
[STDERR] 2026/02/23 21:43:16.980149 tick at 2026-02-23T21:43:16.955578959+08:00
[STDERR] stderr burst at 2026-02-23T21:43:16.955578959+08:00
[STDERR] 2026/02/23 21:43:17.490222 tick at 2026-02-23T21:43:17.455581375+08:00
[STDERR] stderr burst at 2026-02-23T21:43:17.455581375+08:00
[STDERR] 2026/02/23 21:43:17.490261 lifetime reached, exiting normally
[STDERR] 2026/02/23 21:43:19.497331 env restart count -> 1
[STDERR] 2026/02/23 21:43:19.497427 childproc start | pid=99652 | mode=normal | interval=500ms | lifetime=5s | msg=
[STDERR] 2026/02/23 21:43:19.497431 args: /Volumes/老固态/Projects/FasterEdge/DontCrack4OpenHarmonyLinuxKernelSide/example/childproc/childproc -mode normal -interval 500ms -lifetime 5s
[STDERR] 2026/02/23 21:43:19.497434 env EXTRA_INFO=from_manager
[STDERR] 2026/02/23 21:43:19.497434 env RESTART_ENV_COUNT=0
[STDERR] 2026/02/23 21:43:20.006901 tick at 2026-02-23T21:43:19.99759775+08:00
[STDERR] stderr burst at 2026-02-23T21:43:19.99759775+08:00
[STDERR] 2026/02/23 21:43:20.515107 tick at 2026-02-23T21:43:20.497595583+08:00
[STDERR] stderr burst at 2026-02-23T21:43:20.497595583+08:00
[STDERR] 2026/02/23 21:43:21.022136 tick at 2026-02-23T21:43:20.997597791+08:00
[STDERR] stderr burst at 2026-02-23T21:43:20.997597791+08:00
[STDERR] 2026/02/23 21:43:21.533082 tick at 2026-02-23T21:43:21.497600166+08:00
[STDERR] stderr burst at 2026-02-23T21:43:21.497600166+08:00
[STDERR] 2026/02/23 21:43:22.041136 tick at 2026-02-23T21:43:21.997602666+08:00
[STDERR] stderr burst at 2026-02-23T21:43:21.997602666+08:00
[STDERR] 2026/02/23 21:43:22.499088 tick at 2026-02-23T21:43:22.497608083+08:00
[STDERR] stderr burst at 2026-02-23T21:43:22.497608083+08:00
[STDERR] 2026/02/23 21:43:23.008234 tick at 2026-02-23T21:43:22.997609791+08:00
[STDERR] stderr burst at 2026-02-23T21:43:22.997609791+08:00
[STDERR] 2026/02/23 21:43:23.515248 tick at 2026-02-23T21:43:23.497615333+08:00
[STDERR] stderr burst at 2026-02-23T21:43:23.497615333+08:00
[STDERR] 2026/02/23 21:43:24.022835 tick at 2026-02-23T21:43:23.997614+08:00
[STDERR] stderr burst at 2026-02-23T21:43:23.997614+08:00
[STDERR] 2026/02/23 21:43:24.530805 tick at 2026-02-23T21:43:24.49762075+08:00
[STDERR] stderr burst at 2026-02-23T21:43:24.49762075+08:00
[STDERR] 2026/02/23 21:43:24.530843 lifetime reached, exiting normally
[STDERR] 2026/02/23 21:43:26.547587 env restart count -> 1
[STDERR] 2026/02/23 21:43:26.547828 childproc start | pid=99663 | mode=normal | interval=500ms | lifetime=5s | msg=
[STDERR] 2026/02/23 21:43:26.547842 args: /Volumes/老固态/Projects/FasterEdge/DontCrack4OpenHarmonyLinuxKernelSide/example/childproc/childproc -mode normal -interval 500ms -lifetime 5s
[STDERR] 2026/02/23 21:43:26.547850 env EXTRA_INFO=from_manager
[STDERR] 2026/02/23 21:43:26.547852 env RESTART_ENV_COUNT=0
[STDERR] 2026/02/23 21:43:27.057840 tick at 2026-02-23T21:43:27.048086833+08:00
[STDERR] stderr burst at 2026-02-23T21:43:27.048086833+08:00
[STDERR] 2026/02/23 21:43:27.565905 tick at 2026-02-23T21:43:27.548090791+08:00
[STDERR] stderr burst at 2026-02-23T21:43:27.548090791+08:00
[STDERR] 2026/02/23 21:43:28.074894 tick at 2026-02-23T21:43:28.048092791+08:00
[STDERR] stderr burst at 2026-02-23T21:43:28.048092791+08:00
[STDERR] 2026/02/23 21:43:28.583718 tick at 2026-02-23T21:43:28.54809625+08:00
[STDERR] stderr burst at 2026-02-23T21:43:28.54809625+08:00
[STDERR] 2026/02/23 21:43:29.092373 tick at 2026-02-23T21:43:29.048099083+08:00
[STDERR] stderr burst at 2026-02-23T21:43:29.048099083+08:00
[STDERR] 2026/02/23 21:43:29.599986 tick at 2026-02-23T21:43:29.548102125+08:00
[STDERR] stderr burst at 2026-02-23T21:43:29.548102125+08:00
[STDERR] 2026/02/23 21:43:30.055237 tick at 2026-02-23T21:43:30.0481065+08:00
[STDERR] stderr burst at 2026-02-23T21:43:30.0481065+08:00
[STDERR] 2026/02/23 21:43:30.562135 tick at 2026-02-23T21:43:30.548109+08:00
[STDERR] stderr burst at 2026-02-23T21:43:30.548109+08:00
[STDERR] 2026/02/23 21:43:31.070776 tick at 2026-02-23T21:43:31.048112708+08:00
[STDERR] stderr burst at 2026-02-23T21:43:31.048112708+08:00
[STDERR] 2026/02/23 21:43:31.578445 tick at 2026-02-23T21:43:31.54811675+08:00
[STDERR] stderr burst at 2026-02-23T21:43:31.54811675+08:00
[STDERR] 2026/02/23 21:43:31.578486 lifetime reached, exiting normally
