[STDERR] 2026/02/23 21:24:56.780813 childproc start | pid=98226 | mode=normal | interval=500ms | lifetime=5s | msg=
[STDERR] 2026/02/23 21:24:56.781221 args: /Volumes/老固态/Projects/FasterEdge/DontCrack4OpenHarmonyLinuxKernelSide/example/childproc/childproc -mode normal -interval 500ms -lifetime 5s
[STDERR] 2026/02/23 21:24:56.781227 env EXTRA_INFO=
[STDERR] 2026/02/23 21:24:56.781228 env RESTART_ENV_COUNT=
[STDERR] 2026/02/23 21:24:57.292119 tick at 2026-02-23T21:24:57.281737834+08:00
[STDERR] stderr burst at 2026-02-23T21:24:57.281737834+08:00
[STDERR] 2026/02/23 21:24:57.800187 tick at 2026-02-23T21:24:57.781737375+08:00
[STDERR] stderr burst at 2026-02-23T21:24:57.781737375+08:00
[STDERR] 2026/02/23 21:24:58.309423 tick at 2026-02-23T21:24:58.281739542+08:00
[STDERR] stderr burst at 2026-02-23T21:24:58.281739542+08:00
[STDERR] 2026/02/23 21:24:58.818784 tick at 2026-02-23T21:24:58.781744417+08:00
[STDERR] stderr burst at 2026-02-23T21:24:58.781744417+08:00
[STDERR] 2026/02/23 21:24:59.327294 tick at 2026-02-23T21:24:59.281746792+08:00
[STDERR] stderr burst at 2026-02-23T21:24:59.281746792+08:00
[STDERR] 2026/02/23 21:24:59.783696 tick at 2026-02-23T21:24:59.781751667+08:00
[STDERR] stderr burst at 2026-02-23T21:24:59.781751667+08:00
[STDERR] 2026/02/23 21:25:00.291688 tick at 2026-02-23T21:25:00.281754292+08:00
[STDERR] stderr burst at 2026-02-23T21:25:00.281754292+08:00
[STDERR] 2026/02/23 21:25:00.801625 tick at 2026-02-23T21:25:00.781755459+08:00
[STDERR] stderr burst at 2026-02-23T21:25:00.781755459+08:00
[STDERR] 2026/02/23 21:25:01.310125 tick at 2026-02-23T21:25:01.281761292+08:00
[STDERR] stderr burst at 2026-02-23T21:25:01.281761292+08:00
[STDERR] 2026/02/23 21:25:01.819891 tick at 2026-02-23T21:25:01.78176+08:00
[STDERR] stderr burst at 2026-02-23T21:25:01.78176+08:00
[STDERR] 2026/02/23 21:25:01.819911 lifetime reached, exiting normally
